0 info it worked if it ends with ok
1 verbose cli [ '/Users/vince/.nvm-fish/v0.11.13/bin/node',
1 verbose cli   '/Users/vince/.nvm-fish/v0.11.13/bin/npm',
1 verbose cli   'version',
1 verbose cli   'minor' ]
2 info using npm@1.4.9
3 info using node@v0.11.13
4 error Error: Git working directory not clean.
4 error A  .gitignore
4 error M  lib/space.css
4 error M  package.json
4 error     at /Users/vince/.nvm-fish/v0.11.13/lib/node_modules/npm/lib/version.js:98:35
4 error     at ChildProcess.exithandler (child_process.js:720:7)
4 error     at ChildProcess.EventEmitter.emit (events.js:110:17)
4 error     at maybeClose (child_process.js:992:16)
4 error     at Process.ChildProcess._handle.onexit (child_process.js:1059:5)
5 error If you need help, you may report this *entire* log,
5 error including the npm and node versions, at:
5 error     <http://github.com/npm/npm/issues>
6 error System Darwin 14.0.0
7 error command "/Users/vince/.nvm-fish/v0.11.13/bin/node" "/Users/vince/.nvm-fish/v0.11.13/bin/npm" "version" "minor"
8 error cwd /Users/vince/Projects/suitcss-utils-space
9 error node -v v0.11.13
10 error npm -v 1.4.9
11 verbose exit [ 1, true ]
